<?xml version="1.0" encoding="UTF-8"?>
<!-- Generated by org.testng.reporters.JUnitReportReporter -->
<testsuite hostname="LAPTOP-6RFNLL7D" failures="0" tests="1" name="RestAssured.APITesting.DemoGetRequest" time="0.010" errors="0" timestamp="2023-05-09T16:15:33 IST" skipped="0">
  <testcase classname="RestAssured.APITesting.DemoGetRequest" name="getreqs" time="0.010"/>
  <system-out/>
</testsuite> <!-- RestAssured.APITesting.DemoGetRequest -->
