<?xml version="1.0" encoding="UTF-8"?>
<!-- Generated by org.testng.reporters.JUnitReportReporter -->
<testsuite hostname="LAPTOP-6RFNLL7D" failures="0" tests="1" name="RestAssured.APITesting.POST_API.PatApp_request" time="3.265" errors="0" timestamp="2023-06-15T16:00:42 IST" skipped="0">
  <testcase classname="RestAssured.APITesting.POST_API.PatApp_request" name="postTest" time="3.265"/>
  <system-out/>
</testsuite> <!-- RestAssured.APITesting.POST_API.PatApp_request -->
