<?xml version="1.0" encoding="UTF-8"?>
<!-- Generated by org.testng.reporters.JUnitReportReporter -->
<testsuite hostname="LAPTOP-6RFNLL7D" failures="0" tests="1" name="RestAssured.APITesting.POST_API.Covergae_request" time="2.760" errors="0" timestamp="2023-05-25T17:23:20 IST" skipped="0">
  <testcase classname="RestAssured.APITesting.POST_API.Covergae_request" name="postTest" time="2.760"/>
  <system-out/>
</testsuite> <!-- RestAssured.APITesting.POST_API.Covergae_request -->
