<?xml version="1.0" encoding="UTF-8"?>
<!-- Generated by org.testng.reporters.JUnitReportReporter -->
<testsuite hostname="LAPTOP-6RFNLL7D" failures="0" tests="1" name="RestAssured.APITesting.POST_request" time="3.198" errors="0" timestamp="2023-05-18T15:37:55 IST" skipped="0">
  <testcase classname="RestAssured.APITesting.POST_request" name="postTest" time="3.198"/>
  <system-out/>
</testsuite> <!-- RestAssured.APITesting.POST_request -->
