<?xml version="1.0" encoding="UTF-8"?>
<!-- Generated by org.testng.reporters.JUnitReportReporter -->
<testsuite hostname="LAPTOP-6RFNLL7D" failures="0" tests="1" name="RestAssured.APITesting.DemoTest" time="1.554" errors="0" timestamp="2023-05-09T18:21:07 IST" skipped="0">
  <testcase classname="RestAssured.APITesting.DemoTest" name="demoTest" time="1.554"/>
  <system-out/>
</testsuite> <!-- RestAssured.APITesting.DemoTest -->
