<?xml version="1.0" encoding="UTF-8"?>
<!-- Generated by org.testng.reporters.JUnitReportReporter -->
<testsuite hostname="LAPTOP-6RFNLL7D" failures="0" tests="1" name="RestAssured.APITesting.GET_request" time="2.893" errors="0" timestamp="2023-05-11T19:27:34 IST" skipped="0">
  <testcase classname="RestAssured.APITesting.GET_request" name="fetchTest" time="2.893"/>
  <system-out/>
</testsuite> <!-- RestAssured.APITesting.GET_request -->
