<?xml version="1.0" encoding="UTF-8"?>
<!-- Generated by org.testng.reporters.JUnitReportReporter -->
<testsuite hostname="LAPTOP-6RFNLL7D" failures="0" tests="1" name="RestAssured.APITesting.GET_API.PatApp_request" time="3.911" errors="0" timestamp="2023-06-07T18:51:28 IST" skipped="0">
  <testcase classname="RestAssured.APITesting.GET_API.PatApp_request" name="fetchTest" time="3.911"/>
  <system-out/>
</testsuite> <!-- RestAssured.APITesting.GET_API.PatApp_request -->
