<?xml version="1.0" encoding="UTF-8"?>
<!-- Generated by org.testng.reporters.JUnitReportReporter -->
<testsuite hostname="LAPTOP-6RFNLL7D" failures="0" tests="1" name="RestAssured.APITesting.AppTest" time="0.001" errors="0" timestamp="2023-05-09T18:20:43 IST" skipped="0">
  <testcase classname="RestAssured.APITesting.AppTest" name="shouldAnswerWithTrue" time="0.001"/>
  <system-out/>
</testsuite> <!-- RestAssured.APITesting.AppTest -->
